info it worked if it ends with ok
verbose cli [ 'node', '/usr/local/bin/npm', 'install', 'node' ]
info using npm@1.0.27
info using node@v0.4.9
verbose config file /Users/dv/.npmrc
verbose config file /usr/local/etc/npmrc
verbose into /Users/dv/dliman/code/tactictoe/js [ 'node' ]
verbose cache add node
verbose cache add [ 'node', null ]
silly cache add: name, spec, args [ undefined, 'node', [ 'node', null ] ]
verbose parsed url { pathname: 'node', href: 'node' }
info addNamed [ 'node', '' ]
verbose addNamed [ null, '' ]
verbose GET node
verbose raw, before any munging node
verbose url resolving [ 'https://registry.npmjs.org/', './node' ]
verbose url resolved https://registry.npmjs.org/node
verbose url parsed { protocol: 'https:',
verbose url parsed   slashes: true,
verbose url parsed   host: 'registry.npmjs.org',
verbose url parsed   hostname: 'registry.npmjs.org',
verbose url parsed   href: 'https://registry.npmjs.org/node',
verbose url parsed   pathname: '/node' }
verbose response https://registry.npmjs.org/node
silly chunk {"error":"not_found","reason":"document not found"}
silly chunk 
silly get cb [ 404,
silly get cb   { server: 'CouchDB/1.1.0 (Erlang OTP/R14B04)',
silly get cb     date: 'Sat, 19 Nov 2011 21:24:49 GMT',
silly get cb     'content-type': 'application/json',
silly get cb     'content-length': '52',
silly get cb     'cache-control': 'must-revalidate' } ]
ERR! 404 'node' is not in the npm registry.
ERR! 404 You should bug the author to publish it.
ERR! 404 Note that you can also install from a tarball or folder.
ERR! 
ERR! System Darwin 10.8.0
ERR! command "node" "/usr/local/bin/npm" "install" "node"
ERR! cwd /Users/dv/dliman/code/tactictoe/js
ERR! node -v v0.4.9
ERR! npm -v 1.0.27
verbose exit [ 1, true ]
